# JRE version: OpenJDK Runtime Environment (21.0.6) (build 21.0.6+-13368085-b895.109)
# Java VM: OpenJDK 64-Bit Server VM (21.0.6+-13368085-b895.109, mixed mode, tiered, compressed oops, compressed class ptrs, g1 gc, windows-amd64)
GC Precious Log:
 CardTable entry size: 512
 Card Set container configuration: InlinePtr #cards 4 size 8 Array Of Cards #cards 16 size 48 Howl #buckets 8 coarsen threshold 3686 Howl Bitmap #cards 512 size 80 coarsen threshold 460 Card regions per heap region 1 cards per card region 4096
 CPUs: 4 total, 4 available
 Memory: 8080M
 Large Page Support: Disabled
 NUMA Support: Disabled
 Compressed Oops: Enabled (Zero based)
 Heap Region Size: 2M
 Heap Min Capacity: 8M
 Heap Initial Capacity: 128M
 Heap Max Capacity: 4G
 Pre-touch: Disabled
 Parallel Workers: 4
 Concurrent Workers: 1
 Concurrent Refinement Workers: 4
 Periodic GC: Disabled
Heap:
 garbage-first heap   total 112640K, used 72051K [0x0000000700000000, 0x0000000800000000)
  region size 2048K, 3 young (6144K), 2 survivors (4096K)
 Metaspace       used 86020K, committed 87872K, reserved 1179648K
  class space    used 11795K, committed 12736K, reserved 1048576K
GC Heap History (20 events):
Event: 38.382 GC heap before
{Heap before GC invocations=22 (full 0):
 garbage-first heap   total 75776K, used 63847K [0x0000000700000000, 0x0000000800000000)
  region size 2048K, 9 young (18432K), 2 survivors (4096K)
 Metaspace       used 67905K, committed 69568K, reserved 1114112K
  class space    used 9216K, committed 10048K, reserved 1048576K
}
Event: 38.386 GC heap after
{Heap after GC invocations=23 (full 0):
 garbage-first heap   total 75776K, used 50198K [0x0000000700000000, 0x0000000800000000)
  region size 2048K, 2 young (4096K), 2 survivors (4096K)
 Metaspace       used 67905K, committed 69568K, reserved 1114112K
  class space    used 9216K, committed 10048K, reserved 1048576K
}
Event: 39.030 GC heap before
{Heap before GC invocations=24 (full 0):
 garbage-first heap   total 90112K, used 62486K [0x0000000700000000, 0x0000000800000000)
  region size 2048K, 8 young (16384K), 2 survivors (4096K)
 Metaspace       used 69340K, committed 71168K, reserved 1114112K
  class space    used 9453K, committed 10368K, reserved 1048576K
}
Event: 39.035 GC heap after
{Heap after GC invocations=25 (full 0):
 garbage-first heap   total 90112K, used 51190K [0x0000000700000000, 0x0000000800000000)
  region size 2048K, 1 young (2048K), 1 survivors (2048K)
 Metaspace       used 69340K, committed 71168K, reserved 1114112K
  class space    used 9453K, committed 10368K, reserved 1048576K
}
Event: 44.591 GC heap before
{Heap before GC invocations=25 (full 0):
 garbage-first heap   total 90112K, used 81910K [0x0000000700000000, 0x0000000800000000)
  region size 2048K, 13 young (26624K), 1 survivors (2048K)
 Metaspace       used 71591K, committed 73408K, reserved 1114112K
  class space    used 9816K, committed 10752K, reserved 1048576K
}
Event: 44.601 GC heap after
{Heap after GC invocations=26 (full 0):
 garbage-first heap   total 92160K, used 60092K [0x0000000700000000, 0x0000000800000000)
  region size 2048K, 2 young (4096K), 2 survivors (4096K)
 Metaspace       used 71591K, committed 73408K, reserved 1114112K
  class space    used 9816K, committed 10752K, reserved 1048576K
}
Event: 45.321 GC heap before
{Heap before GC invocations=26 (full 0):
 garbage-first heap   total 92160K, used 80572K [0x0000000700000000, 0x0000000800000000)
  region size 2048K, 12 young (24576K), 2 survivors (4096K)
 Metaspace       used 74001K, committed 75840K, reserved 1114112K
  class space    used 10138K, committed 11072K, reserved 1048576K
}
Event: 45.326 GC heap after
{Heap after GC invocations=27 (full 0):
 garbage-first heap   total 92160K, used 60738K [0x0000000700000000, 0x0000000800000000)
  region size 2048K, 1 young (2048K), 1 survivors (2048K)
 Metaspace       used 74001K, committed 75840K, reserved 1114112K
  class space    used 10138K, committed 11072K, reserved 1048576K
}
Event: 46.286 GC heap before
{Heap before GC invocations=28 (full 0):
 garbage-first heap   total 106496K, used 77122K [0x0000000700000000, 0x0000000800000000)
  region size 2048K, 10 young (20480K), 1 survivors (2048K)
 Metaspace       used 76620K, committed 78464K, reserved 1179648K
  class space    used 10469K, committed 11392K, reserved 1048576K
}
Event: 46.292 GC heap after
{Heap after GC invocations=29 (full 0):
 garbage-first heap   total 106496K, used 61385K [0x0000000700000000, 0x0000000800000000)
  region size 2048K, 1 young (2048K), 1 survivors (2048K)
 Metaspace       used 76620K, committed 78464K, reserved 1179648K
  class space    used 10469K, committed 11392K, reserved 1048576K
}
Event: 48.120 GC heap before
{Heap before GC invocations=29 (full 0):
 garbage-first heap   total 106496K, used 92105K [0x0000000700000000, 0x0000000800000000)
  region size 2048K, 17 young (34816K), 1 survivors (2048K)
 Metaspace       used 79404K, committed 81216K, reserved 1179648K
  class space    used 10867K, committed 11776K, reserved 1048576K
}
Event: 48.129 GC heap after
{Heap after GC invocations=30 (full 0):
 garbage-first heap   total 106496K, used 62066K [0x0000000700000000, 0x0000000800000000)
  region size 2048K, 2 young (4096K), 2 survivors (4096K)
 Metaspace       used 79404K, committed 81216K, reserved 1179648K
  class space    used 10867K, committed 11776K, reserved 1048576K
}
Event: 49.030 GC heap before
{Heap before GC invocations=30 (full 0):
 garbage-first heap   total 106496K, used 80498K [0x0000000700000000, 0x0000000800000000)
  region size 2048K, 12 young (24576K), 2 survivors (4096K)
 Metaspace       used 80758K, committed 82560K, reserved 1179648K
  class space    used 11044K, committed 11904K, reserved 1048576K
}
Event: 49.040 GC heap after
{Heap after GC invocations=31 (full 0):
 garbage-first heap   total 106496K, used 62362K [0x0000000700000000, 0x0000000800000000)
  region size 2048K, 2 young (4096K), 2 survivors (4096K)
 Metaspace       used 80758K, committed 82560K, reserved 1179648K
  class space    used 11044K, committed 11904K, reserved 1048576K
}
Event: 51.491 GC heap before
{Heap before GC invocations=32 (full 0):
 garbage-first heap   total 112640K, used 97178K [0x0000000700000000, 0x0000000800000000)
  region size 2048K, 17 young (34816K), 2 survivors (4096K)
 Metaspace       used 82686K, committed 84480K, reserved 1179648K
  class space    used 11327K, committed 12224K, reserved 1048576K
}
Event: 51.504 GC heap after
{Heap after GC invocations=33 (full 0):
 garbage-first heap   total 112640K, used 68377K [0x0000000700000000, 0x0000000800000000)
  region size 2048K, 3 young (6144K), 3 survivors (6144K)
 Metaspace       used 82686K, committed 84480K, reserved 1179648K
  class space    used 11327K, committed 12224K, reserved 1048576K
}
Event: 53.355 GC heap before
{Heap before GC invocations=33 (full 0):
 garbage-first heap   total 112640K, used 92953K [0x0000000700000000, 0x0000000800000000)
  region size 2048K, 16 young (32768K), 3 survivors (6144K)
 Metaspace       used 83829K, committed 85696K, reserved 1179648K
  class space    used 11484K, committed 12416K, reserved 1048576K
}
Event: 53.364 GC heap after
{Heap after GC invocations=34 (full 0):
 garbage-first heap   total 112640K, used 69893K [0x0000000700000000, 0x0000000800000000)
  region size 2048K, 2 young (4096K), 2 survivors (4096K)
 Metaspace       used 83829K, committed 85696K, reserved 1179648K
  class space    used 11484K, committed 12416K, reserved 1048576K
}
Event: 57.824 GC heap before
{Heap before GC invocations=34 (full 0):
 garbage-first heap   total 112640K, used 96517K [0x0000000700000000, 0x0000000800000000)
  region size 2048K, 16 young (32768K), 2 survivors (4096K)
 Metaspace       used 85872K, committed 87744K, reserved 1179648K
  class space    used 11778K, committed 12736K, reserved 1048576K
}
Event: 57.834 GC heap after
{Heap after GC invocations=35 (full 0):
 garbage-first heap   total 112640K, used 72051K [0x0000000700000000, 0x0000000800000000)
  region size 2048K, 2 young (4096K), 2 survivors (4096K)
 Metaspace       used 85872K, committed 87744K, reserved 1179648K
  class space    used 11778K, committed 12736K, reserved 1048576K
}

